<?xml version="1.0" encoding="UTF-8"?>
<testsuite name="client" tests="1" skipped="0" failures="0" errors="0" timestamp="2022-03-16T16:12:07" hostname="DESKTOP-G6TM2MO" time="1.541">
  <properties/>
  <testcase name="smokeTestGET()" classname="client" time="1.541"/>
  <system-out><![CDATA[{"login":"JoshuaWu7","id":47040320,"node_id":"MDQ6VXNlcjQ3MDQwMzIw","avatar_url":"https://avatars.githubusercontent.com/u/47040320?v=4","gravatar_id":"","url":"https://api.github.com/users/JoshuaWu7","html_url":"https://github.com/JoshuaWu7","followers_url":"https://api.github.com/users/JoshuaWu7/followers","following_url":"https://api.github.com/users/JoshuaWu7/following{/other_user}","gists_url":"https://api.github.com/users/JoshuaWu7/gists{/gist_id}","starred_url":"https://api.github.com/users/JoshuaWu7/starred{/owner}{/repo}","subscriptions_url":"https://api.github.com/users/JoshuaWu7/subscriptions","organizations_url":"https://api.github.com/users/JoshuaWu7/orgs","repos_url":"https://api.github.com/users/JoshuaWu7/repos","events_url":"https://api.github.com/users/JoshuaWu7/events{/privacy}","received_events_url":"https://api.github.com/users/JoshuaWu7/received_events","type":"User","site_admin":false,"name":"Joshua Wu","company":"@UBC-Thunderbots ","blog":"","location":null,"email":null,"hireable":true,"bio":"Engineering Student | UBC CPEN","twitter_username":null,"public_repos":8,"public_gists":1,"followers":5,"following":9,"created_at":"2019-01-25T19:05:17Z","updated_at":"2022-03-14T16:43:58Z"}
]]></system-out>
  <system-err><![CDATA[]]></system-err>
</testsuite>
